<?xml version="1.0" encoding="UTF-8"?>
<!-- Generated by org.testng.reporters.JUnitReportReporter -->
<testsuite skipped="0" hostname="DESKTOP-KGOTE46" name="Practice.ReadWriteExcel" tests="1" failures="0" timestamp="06 Jun 2018 12:34:23 GMT" time="0.718" errors="0">
  <testcase name="readData" time="0.718" classname="Practice.ReadWriteExcel"/>
</testsuite> <!-- Practice.ReadWriteExcel -->
