<?xml version="1.0" encoding="UTF-8"?>
<!-- Generated by org.testng.reporters.JUnitReportReporter -->
<testsuite skipped="0" hostname="DESKTOP-KGOTE46" name="Practice.WriteCall" tests="1" failures="0" timestamp="06 Jun 2018 11:10:24 GMT" time="0.873" errors="1">
  <testcase name="readData" time="0.873" classname="Practice.WriteCall">
    <error type="org.apache.xmlbeans.impl.values.XmlValueDisconnectedException">
      <![CDATA[org.apache.xmlbeans.impl.values.XmlValueDisconnectedException
at org.apache.xmlbeans.impl.values.XmlObjectBase.check_orphaned(XmlObjectBase.java:1213)
at org.apache.xmlbeans.impl.values.XmlObjectBase.newCursor(XmlObjectBase.java:243)
at org.apache.xmlbeans.impl.values.XmlComplexContentImpl.arraySetterHelper(XmlComplexContentImpl.java:1073)
at org.openxmlformats.schemas.spreadsheetml.x2006.main.impl.CTFontsImpl.setFontArray(Unknown Source)
at org.apache.poi.xssf.model.StylesTable.writeTo(StylesTable.java:319)
at org.apache.poi.xssf.model.StylesTable.commit(StylesTable.java:377)
at org.apache.poi.POIXMLDocumentPart.onSave(POIXMLDocumentPart.java:177)
at org.apache.poi.POIXMLDocumentPart.onSave(POIXMLDocumentPart.java:181)
at org.apache.poi.POIXMLDocument.write(POIXMLDocument.java:214)
at Practice.WriteLib.setData(WriteLib.java:32)
at Practice.WriteCall.readData(WriteCall.java:13)
at sun.reflect.NativeMethodAccessorImpl.invoke0(Native Method)
at sun.reflect.NativeMethodAccessorImpl.invoke(Unknown Source)
at sun.reflect.DelegatingMethodAccessorImpl.invoke(Unknown Source)
at java.lang.reflect.Method.invoke(Unknown Source)
at org.testng.internal.MethodInvocationHelper.invokeMethod(MethodInvocationHelper.java:124)
at org.testng.internal.Invoker.invokeMethod(Invoker.java:580)
at org.testng.internal.Invoker.invokeTestMethod(Invoker.java:716)
at org.testng.internal.Invoker.invokeTestMethods(Invoker.java:988)
at org.testng.internal.TestMethodWorker.invokeTestMethods(TestMethodWorker.java:125)
at org.testng.internal.TestMethodWorker.run(TestMethodWorker.java:109)
at org.testng.TestRunner.privateRun(TestRunner.java:648)
at org.testng.TestRunner.run(TestRunner.java:505)
at org.testng.SuiteRunner.runTest(SuiteRunner.java:455)
at org.testng.SuiteRunner.runSequentially(SuiteRunner.java:450)
at org.testng.SuiteRunner.privateRun(SuiteRunner.java:415)
at org.testng.SuiteRunner.run(SuiteRunner.java:364)
at org.testng.SuiteRunnerWorker.runSuite(SuiteRunnerWorker.java:52)
at org.testng.SuiteRunnerWorker.run(SuiteRunnerWorker.java:84)
at org.testng.TestNG.runSuitesSequentially(TestNG.java:1208)
at org.testng.TestNG.runSuitesLocally(TestNG.java:1137)
at org.testng.TestNG.runSuites(TestNG.java:1049)
at org.testng.TestNG.run(TestNG.java:1017)
at org.testng.remote.AbstractRemoteTestNG.run(AbstractRemoteTestNG.java:114)
at org.testng.remote.RemoteTestNG.initAndRun(RemoteTestNG.java:251)
at org.testng.remote.RemoteTestNG.main(RemoteTestNG.java:77)
]]>
    </error>
  </testcase> <!-- readData -->
</testsuite> <!-- Practice.WriteCall -->
